<?xml version="1.0" encoding="UTF-8"?>
<testng-results ignored="0" total="1" passed="1" failed="0" skipped="0">
  <reporter-output>
  </reporter-output>
  <suite started-at="2022-11-27T19:40:06 WIB" name="Default suite" finished-at="2022-11-27T19:41:23 WIB" duration-ms="76672">
    <groups>
    </groups>
    <test started-at="2022-11-27T19:40:06 WIB" name="Default test" finished-at="2022-11-27T19:41:23 WIB" duration-ms="76672">
      <class name="com.dhimas.belajar.v2.UjianWeek3">
        <test-method signature="checkout()[pri:0, instance:com.dhimas.belajar.v2.UjianWeek3@1151e434]" started-at="2022-11-27T19:40:06 WIB" name="checkout" finished-at="2022-11-27T19:41:23 WIB" duration-ms="76457" status="PASS">
          <reporter-output>
          </reporter-output>
        </test-method> <!-- checkout -->
      </class> <!-- com.dhimas.belajar.v2.UjianWeek3 -->
    </test> <!-- Default test -->
  </suite> <!-- Default suite -->
</testng-results>
